{"level":"info","time":"2024-12-14 00:14:44.816","caller":"mineNet/main.go:35","msg":"server started","addr":":8080"}
{"level":"info","time":"2024-12-14 00:15:01.072","caller":"mineNet/main.go:36","msg":"server started","addr":":8080"}
{"level":"info","time":"2024-12-14 00:33:16.009","caller":"mineNet/main.go:36","msg":"server started","addr":":8080"}
{"level":"info","time":"2024-12-14 00:34:23.330","caller":"mineNet/main.go:36","msg":"server started","addr":":8080"}
{"level":"info","time":"2024-12-14 00:35:08.500","caller":"network/tcp_net.go:154","msg":"creating new connection","remote_addr":"[::1]:57090","local_addr":"[::1]:8080"}
{"level":"error","time":"2024-12-14 00:35:08.502","caller":"runtime/panic.go:785","msg":"panic in acceptLoop","recover":"descriptor Desc{fqName: \"rate_limiter_traffic_requests_total\", help: \"Total number of requests by result\", constLabels: {}, variableLabels: {instance,result}} is invalid: duplicate label names in constant and variable labels for metric \"rate_limiter_traffic_requests_total\"","stack":"mineNet/network.(*TCPServer).acceptLoop.func1\n\t/Users/caomaoboy/Downloads/mineNet/network/tcp_net.go:131\nruntime.gopanic\n\t/Users/caomaoboy/sdk/go1.23.4/src/runtime/panic.go:785\ngithub.com/prometheus/client_golang/prometheus.(*Registry).MustRegister\n\t/Users/caomaoboy/go/pkg/mod/github.com/prometheus/client_golang@v1.20.5/prometheus/registry.go:406\ngithub.com/prometheus/client_golang/prometheus/promauto.Factory.NewCounterVec\n\t/Users/caomaoboy/go/pkg/mod/github.com/prometheus/client_golang@v1.20.5/prometheus/promauto/auto.go:276\ngithub.com/prometheus/client_golang/prometheus/promauto.NewCounterVec\n\t/Users/caomaoboy/go/pkg/mod/github.com/prometheus/client_golang@v1.20.5/prometheus/promauto/auto.go:176\nmineNet/metrics.NewRateLimiterMetrics\n\t/Users/caomaoboy/Downloads/mineNet/metrics/rate_limiter.go:41\nmineNet/network.NewRateLimiter\n\t/Users/caomaoboy/Downloads/mineNet/network/rate_limiter.go:41\nmineNet/network.NewConnection\n\t/Users/caomaoboy/Downloads/mineNet/network/conn.go:75\nmineNet/network.(*TCPServer).acceptLoop\n\t/Users/caomaoboy/Downloads/mineNet/network/tcp_net.go:154","stacktrace":"runtime.gopanic\n\t/Users/caomaoboy/sdk/go1.23.4/src/runtime/panic.go:785\ngithub.com/prometheus/client_golang/prometheus.(*Registry).MustRegister\n\t/Users/caomaoboy/go/pkg/mod/github.com/prometheus/client_golang@v1.20.5/prometheus/registry.go:406\ngithub.com/prometheus/client_golang/prometheus/promauto.Factory.NewCounterVec\n\t/Users/caomaoboy/go/pkg/mod/github.com/prometheus/client_golang@v1.20.5/prometheus/promauto/auto.go:276\ngithub.com/prometheus/client_golang/prometheus/promauto.NewCounterVec\n\t/Users/caomaoboy/go/pkg/mod/github.com/prometheus/client_golang@v1.20.5/prometheus/promauto/auto.go:176\nmineNet/metrics.NewRateLimiterMetrics\n\t/Users/caomaoboy/Downloads/mineNet/metrics/rate_limiter.go:41\nmineNet/network.NewRateLimiter\n\t/Users/caomaoboy/Downloads/mineNet/network/rate_limiter.go:41\nmineNet/network.NewConnection\n\t/Users/caomaoboy/Downloads/mineNet/network/conn.go:75\nmineNet/network.(*TCPServer).acceptLoop\n\t/Users/caomaoboy/Downloads/mineNet/network/tcp_net.go:154"}
{"level":"info","time":"2024-12-14 00:36:50.796","caller":"mineNet/main.go:36","msg":"server started","addr":":8080"}
{"level":"info","time":"2024-12-14 00:37:27.371","caller":"network/tcp_net.go:154","msg":"creating new connection","remote_addr":"[::1]:57209","local_addr":"[::1]:8080"}
{"level":"info","time":"2024-12-14 00:40:31.885","caller":"mineNet/main.go:36","msg":"server started","addr":":8080"}
{"level":"info","time":"2024-12-14 00:40:39.198","caller":"network/tcp_net.go:154","msg":"creating new connection","remote_addr":"[::1]:57434","local_addr":"[::1]:8080"}
{"level":"info","time":"2024-12-14 00:40:39.198","caller":"runtime/asm_arm64.s:1223","msg":"new connection accepted","conn_id":"1","remote_addr":"[::1]:57434"}
{"level":"error","time":"2024-12-14 00:41:07.500","caller":"runtime/asm_arm64.s:1223","msg":"handler not found for packet","conn_id":"1","remote_addr":"[::1]:57434","cmd_id":2,"stacktrace":"runtime.goexit\n\t/Users/caomaoboy/sdk/go1.23.4/src/runtime/asm_arm64.s:1223"}
{"level":"info","time":"2024-12-14 00:45:52.702","caller":"mineNet/main.go:36","msg":"server started","addr":":8080"}
{"level":"debug","time":"2024-12-14 00:45:52.702","caller":"mineNet/main.go:41","msg":"handler set","cmd_id":2}
{"level":"info","time":"2024-12-14 00:45:54.535","caller":"network/tcp_net.go:154","msg":"creating new connection","remote_addr":"[::1]:57657","local_addr":"[::1]:8080"}
{"level":"info","time":"2024-12-14 00:45:54.535","caller":"runtime/asm_arm64.s:1223","msg":"new connection accepted","conn_id":"1","remote_addr":"[::1]:57657"}
{"level":"error","time":"2024-12-14 00:46:23.333","caller":"runtime/asm_arm64.s:1223","msg":"decode error","conn_id":"1","remote_addr":"[::1]:57657","error":"EOF","stacktrace":"runtime.goexit\n\t/Users/caomaoboy/sdk/go1.23.4/src/runtime/asm_arm64.s:1223"}
{"level":"info","time":"2024-12-14 00:46:23.334","caller":"runtime/asm_arm64.s:1223","msg":"connection closed","conn_id":"1","lifetime":28.799154667}
{"level":"info","time":"2024-12-14 00:46:28.412","caller":"network/tcp_net.go:154","msg":"creating new connection","remote_addr":"[::1]:57710","local_addr":"[::1]:8080"}
{"level":"error","time":"2024-12-14 00:46:28.412","caller":"runtime/panic.go:785","msg":"panic in acceptLoop","recover":"duplicate metrics collector registration attempted","stack":"mineNet/network.(*TCPServer).acceptLoop.func1\n\t/Users/caomaoboy/Downloads/mineNet/network/tcp_net.go:131\nruntime.gopanic\n\t/Users/caomaoboy/sdk/go1.23.4/src/runtime/panic.go:785\ngithub.com/prometheus/client_golang/prometheus.(*Registry).MustRegister\n\t/Users/caomaoboy/go/pkg/mod/github.com/prometheus/client_golang@v1.20.5/prometheus/registry.go:406\ngithub.com/prometheus/client_golang/prometheus/promauto.Factory.NewCounterVec\n\t/Users/caomaoboy/go/pkg/mod/github.com/prometheus/client_golang@v1.20.5/prometheus/promauto/auto.go:276\ngithub.com/prometheus/client_golang/prometheus/promauto.NewCounterVec\n\t/Users/caomaoboy/go/pkg/mod/github.com/prometheus/client_golang@v1.20.5/prometheus/promauto/auto.go:176\nmineNet/metrics.NewRateLimiterMetrics\n\t/Users/caomaoboy/Downloads/mineNet/metrics/rate_limiter.go:38\nmineNet/network.NewRateLimiter\n\t/Users/caomaoboy/Downloads/mineNet/network/rate_limiter.go:36\nmineNet/network.NewConnection\n\t/Users/caomaoboy/Downloads/mineNet/network/conn.go:75\nmineNet/network.(*TCPServer).acceptLoop\n\t/Users/caomaoboy/Downloads/mineNet/network/tcp_net.go:154","stacktrace":"runtime.gopanic\n\t/Users/caomaoboy/sdk/go1.23.4/src/runtime/panic.go:785\ngithub.com/prometheus/client_golang/prometheus.(*Registry).MustRegister\n\t/Users/caomaoboy/go/pkg/mod/github.com/prometheus/client_golang@v1.20.5/prometheus/registry.go:406\ngithub.com/prometheus/client_golang/prometheus/promauto.Factory.NewCounterVec\n\t/Users/caomaoboy/go/pkg/mod/github.com/prometheus/client_golang@v1.20.5/prometheus/promauto/auto.go:276\ngithub.com/prometheus/client_golang/prometheus/promauto.NewCounterVec\n\t/Users/caomaoboy/go/pkg/mod/github.com/prometheus/client_golang@v1.20.5/prometheus/promauto/auto.go:176\nmineNet/metrics.NewRateLimiterMetrics\n\t/Users/caomaoboy/Downloads/mineNet/metrics/rate_limiter.go:38\nmineNet/network.NewRateLimiter\n\t/Users/caomaoboy/Downloads/mineNet/network/rate_limiter.go:36\nmineNet/network.NewConnection\n\t/Users/caomaoboy/Downloads/mineNet/network/conn.go:75\nmineNet/network.(*TCPServer).acceptLoop\n\t/Users/caomaoboy/Downloads/mineNet/network/tcp_net.go:154"}
{"level":"info","time":"2024-12-14 00:46:45.683","caller":"mineNet/main.go:36","msg":"server started","addr":":8080"}
{"level":"debug","time":"2024-12-14 00:46:45.683","caller":"mineNet/main.go:41","msg":"handler set","cmd_id":2}
{"level":"info","time":"2024-12-14 00:46:48.945","caller":"network/tcp_net.go:154","msg":"creating new connection","remote_addr":"[::1]:57736","local_addr":"[::1]:8080"}
{"level":"info","time":"2024-12-14 00:46:48.945","caller":"runtime/asm_arm64.s:1223","msg":"new connection accepted","conn_id":"1","remote_addr":"[::1]:57736"}
{"level":"error","time":"2024-12-14 00:46:56.294","caller":"runtime/asm_arm64.s:1223","msg":"decode error","conn_id":"1","remote_addr":"[::1]:57736","error":"EOF","stacktrace":"runtime.goexit\n\t/Users/caomaoboy/sdk/go1.23.4/src/runtime/asm_arm64.s:1223"}
{"level":"info","time":"2024-12-14 00:46:56.294","caller":"runtime/asm_arm64.s:1223","msg":"connection closed","conn_id":"1","lifetime":7.349063417}
{"level":"info","time":"2024-12-14 00:47:08.369","caller":"network/tcp_net.go:154","msg":"creating new connection","remote_addr":"[::1]:57767","local_addr":"[::1]:8080"}
{"level":"error","time":"2024-12-14 00:47:08.369","caller":"runtime/panic.go:785","msg":"panic in acceptLoop","recover":"duplicate metrics collector registration attempted","stack":"mineNet/network.(*TCPServer).acceptLoop.func1\n\t/Users/caomaoboy/Downloads/mineNet/network/tcp_net.go:131\nruntime.gopanic\n\t/Users/caomaoboy/sdk/go1.23.4/src/runtime/panic.go:785\ngithub.com/prometheus/client_golang/prometheus.(*Registry).MustRegister\n\t/Users/caomaoboy/go/pkg/mod/github.com/prometheus/client_golang@v1.20.5/prometheus/registry.go:406\ngithub.com/prometheus/client_golang/prometheus/promauto.Factory.NewCounterVec\n\t/Users/caomaoboy/go/pkg/mod/github.com/prometheus/client_golang@v1.20.5/prometheus/promauto/auto.go:276\ngithub.com/prometheus/client_golang/prometheus/promauto.NewCounterVec\n\t/Users/caomaoboy/go/pkg/mod/github.com/prometheus/client_golang@v1.20.5/prometheus/promauto/auto.go:176\nmineNet/metrics.NewRateLimiterMetrics\n\t/Users/caomaoboy/Downloads/mineNet/metrics/rate_limiter.go:38\nmineNet/network.NewRateLimiter\n\t/Users/caomaoboy/Downloads/mineNet/network/rate_limiter.go:36\nmineNet/network.NewConnection\n\t/Users/caomaoboy/Downloads/mineNet/network/conn.go:75\nmineNet/network.(*TCPServer).acceptLoop\n\t/Users/caomaoboy/Downloads/mineNet/network/tcp_net.go:154","stacktrace":"runtime.gopanic\n\t/Users/caomaoboy/sdk/go1.23.4/src/runtime/panic.go:785\ngithub.com/prometheus/client_golang/prometheus.(*Registry).MustRegister\n\t/Users/caomaoboy/go/pkg/mod/github.com/prometheus/client_golang@v1.20.5/prometheus/registry.go:406\ngithub.com/prometheus/client_golang/prometheus/promauto.Factory.NewCounterVec\n\t/Users/caomaoboy/go/pkg/mod/github.com/prometheus/client_golang@v1.20.5/prometheus/promauto/auto.go:276\ngithub.com/prometheus/client_golang/prometheus/promauto.NewCounterVec\n\t/Users/caomaoboy/go/pkg/mod/github.com/prometheus/client_golang@v1.20.5/prometheus/promauto/auto.go:176\nmineNet/metrics.NewRateLimiterMetrics\n\t/Users/caomaoboy/Downloads/mineNet/metrics/rate_limiter.go:38\nmineNet/network.NewRateLimiter\n\t/Users/caomaoboy/Downloads/mineNet/network/rate_limiter.go:36\nmineNet/network.NewConnection\n\t/Users/caomaoboy/Downloads/mineNet/network/conn.go:75\nmineNet/network.(*TCPServer).acceptLoop\n\t/Users/caomaoboy/Downloads/mineNet/network/tcp_net.go:154"}
{"level":"info","time":"2024-12-14 10:11:09.152","caller":"mineNet/main.go:36","msg":"server started","addr":":8080"}
{"level":"debug","time":"2024-12-14 10:11:09.152","caller":"mineNet/main.go:41","msg":"handler set","cmd_id":2}
{"level":"info","time":"2024-12-14 10:11:15.300","caller":"network/tcp_net.go:154","msg":"creating new connection","remote_addr":"[::1]:62222","local_addr":"[::1]:8080"}
{"level":"info","time":"2024-12-14 10:11:15.301","caller":"runtime/asm_arm64.s:1223","msg":"new connection accepted","conn_id":"1","remote_addr":"[::1]:62222"}
{"level":"error","time":"2024-12-14 10:11:15.301","caller":"runtime/asm_arm64.s:1223","msg":"decode error","conn_id":"1","remote_addr":"[::1]:62222","error":"EOF","stacktrace":"runtime.goexit\n\t/Users/caomaoboy/sdk/go1.23.4/src/runtime/asm_arm64.s:1223"}
{"level":"info","time":"2024-12-14 10:11:15.301","caller":"runtime/asm_arm64.s:1223","msg":"connection closed","conn_id":"1","lifetime":0.000210208}
{"level":"info","time":"2024-12-14 10:11:20.474","caller":"network/tcp_net.go:154","msg":"creating new connection","remote_addr":"[::1]:62241","local_addr":"[::1]:8080"}
{"level":"error","time":"2024-12-14 10:11:20.474","caller":"runtime/panic.go:785","msg":"panic in acceptLoop","recover":"duplicate metrics collector registration attempted","stack":"mineNet/network.(*TCPServer).acceptLoop.func1\n\t/Users/caomaoboy/Downloads/mineNet/network/tcp_net.go:131\nruntime.gopanic\n\t/Users/caomaoboy/sdk/go1.23.4/src/runtime/panic.go:785\ngithub.com/prometheus/client_golang/prometheus.(*Registry).MustRegister\n\t/Users/caomaoboy/go/pkg/mod/github.com/prometheus/client_golang@v1.20.5/prometheus/registry.go:406\ngithub.com/prometheus/client_golang/prometheus.MustRegister\n\t/Users/caomaoboy/go/pkg/mod/github.com/prometheus/client_golang@v1.20.5/prometheus/registry.go:177\nmineNet/metrics.NewHeartbeatMetrics\n\t/Users/caomaoboy/Downloads/mineNet/metrics/heartbeat.go:112\nmineNet/network.NewHeartbeatManager\n\t/Users/caomaoboy/Downloads/mineNet/network/heartbeat.go:38\nmineNet/network.NewConnection\n\t/Users/caomaoboy/Downloads/mineNet/network/conn.go:76\nmineNet/network.(*TCPServer).acceptLoop\n\t/Users/caomaoboy/Downloads/mineNet/network/tcp_net.go:154","stacktrace":"runtime.gopanic\n\t/Users/caomaoboy/sdk/go1.23.4/src/runtime/panic.go:785\ngithub.com/prometheus/client_golang/prometheus.(*Registry).MustRegister\n\t/Users/caomaoboy/go/pkg/mod/github.com/prometheus/client_golang@v1.20.5/prometheus/registry.go:406\ngithub.com/prometheus/client_golang/prometheus.MustRegister\n\t/Users/caomaoboy/go/pkg/mod/github.com/prometheus/client_golang@v1.20.5/prometheus/registry.go:177\nmineNet/metrics.NewHeartbeatMetrics\n\t/Users/caomaoboy/Downloads/mineNet/metrics/heartbeat.go:112\nmineNet/network.NewHeartbeatManager\n\t/Users/caomaoboy/Downloads/mineNet/network/heartbeat.go:38\nmineNet/network.NewConnection\n\t/Users/caomaoboy/Downloads/mineNet/network/conn.go:76\nmineNet/network.(*TCPServer).acceptLoop\n\t/Users/caomaoboy/Downloads/mineNet/network/tcp_net.go:154"}
{"level":"info","time":"2024-12-14 10:15:51.927","caller":"mineNet/main.go:36","msg":"server started","addr":":8080"}
{"level":"debug","time":"2024-12-14 10:15:51.928","caller":"mineNet/main.go:41","msg":"handler set","cmd_id":2}
{"level":"info","time":"2024-12-14 10:15:56.201","caller":"network/tcp_net.go:154","msg":"creating new connection","remote_addr":"[::1]:62478","local_addr":"[::1]:8080"}
{"level":"info","time":"2024-12-14 10:15:56.201","caller":"runtime/asm_arm64.s:1223","msg":"new connection accepted","conn_id":"1","remote_addr":"[::1]:62478"}
{"level":"error","time":"2024-12-14 10:15:56.202","caller":"runtime/asm_arm64.s:1223","msg":"decode error","conn_id":"1","remote_addr":"[::1]:62478","error":"EOF","stacktrace":"runtime.goexit\n\t/Users/caomaoboy/sdk/go1.23.4/src/runtime/asm_arm64.s:1223"}
{"level":"info","time":"2024-12-14 10:15:56.202","caller":"runtime/asm_arm64.s:1223","msg":"connection closed","conn_id":"1","lifetime":0.000324625}
{"level":"info","time":"2024-12-14 10:15:59.388","caller":"network/tcp_net.go:154","msg":"creating new connection","remote_addr":"[::1]:62486","local_addr":"[::1]:8080"}
{"level":"error","time":"2024-12-14 10:15:59.388","caller":"runtime/panic.go:785","msg":"panic in acceptLoop","recover":"duplicate metrics collector registration attempted","stack":"mineNet/network.(*TCPServer).acceptLoop.func1\n\t/Users/caomaoboy/Downloads/mineNet/network/tcp_net.go:131\nruntime.gopanic\n\t/Users/caomaoboy/sdk/go1.23.4/src/runtime/panic.go:785\ngithub.com/prometheus/client_golang/prometheus.(*Registry).MustRegister\n\t/Users/caomaoboy/go/pkg/mod/github.com/prometheus/client_golang@v1.20.5/prometheus/registry.go:406\ngithub.com/prometheus/client_golang/prometheus.MustRegister\n\t/Users/caomaoboy/go/pkg/mod/github.com/prometheus/client_golang@v1.20.5/prometheus/registry.go:177\nmineNet/metrics.NewHeartbeatMetrics\n\t/Users/caomaoboy/Downloads/mineNet/metrics/heartbeat.go:109\nmineNet/network.NewHeartbeatManager\n\t/Users/caomaoboy/Downloads/mineNet/network/heartbeat.go:39\nmineNet/network.NewConnection\n\t/Users/caomaoboy/Downloads/mineNet/network/conn.go:76\nmineNet/network.(*TCPServer).acceptLoop\n\t/Users/caomaoboy/Downloads/mineNet/network/tcp_net.go:154","stacktrace":"runtime.gopanic\n\t/Users/caomaoboy/sdk/go1.23.4/src/runtime/panic.go:785\ngithub.com/prometheus/client_golang/prometheus.(*Registry).MustRegister\n\t/Users/caomaoboy/go/pkg/mod/github.com/prometheus/client_golang@v1.20.5/prometheus/registry.go:406\ngithub.com/prometheus/client_golang/prometheus.MustRegister\n\t/Users/caomaoboy/go/pkg/mod/github.com/prometheus/client_golang@v1.20.5/prometheus/registry.go:177\nmineNet/metrics.NewHeartbeatMetrics\n\t/Users/caomaoboy/Downloads/mineNet/metrics/heartbeat.go:109\nmineNet/network.NewHeartbeatManager\n\t/Users/caomaoboy/Downloads/mineNet/network/heartbeat.go:39\nmineNet/network.NewConnection\n\t/Users/caomaoboy/Downloads/mineNet/network/conn.go:76\nmineNet/network.(*TCPServer).acceptLoop\n\t/Users/caomaoboy/Downloads/mineNet/network/tcp_net.go:154"}
{"level":"info","time":"2024-12-14 10:21:49.031","caller":"mineNet/main.go:36","msg":"server started","addr":":8080"}
{"level":"debug","time":"2024-12-14 10:21:49.031","caller":"mineNet/main.go:41","msg":"handler set","cmd_id":2}
{"level":"info","time":"2024-12-14 10:21:53.657","caller":"network/tcp_net.go:154","msg":"creating new connection","remote_addr":"[::1]:62837","local_addr":"[::1]:8080"}
{"level":"info","time":"2024-12-14 10:21:53.657","caller":"runtime/asm_arm64.s:1223","msg":"new connection accepted","conn_id":"1","remote_addr":"[::1]:62837"}
{"level":"error","time":"2024-12-14 10:21:53.658","caller":"runtime/asm_arm64.s:1223","msg":"decode error","conn_id":"1","remote_addr":"[::1]:62837","error":"EOF","stacktrace":"runtime.goexit\n\t/Users/caomaoboy/sdk/go1.23.4/src/runtime/asm_arm64.s:1223"}
{"level":"info","time":"2024-12-14 10:21:53.658","caller":"runtime/asm_arm64.s:1223","msg":"connection closed","conn_id":"1","lifetime":0.000323542}
{"level":"info","time":"2024-12-14 10:21:59.545","caller":"network/tcp_net.go:154","msg":"creating new connection","remote_addr":"[::1]:62845","local_addr":"[::1]:8080"}
{"level":"info","time":"2024-12-14 10:21:59.545","caller":"runtime/asm_arm64.s:1223","msg":"new connection accepted","conn_id":"1","remote_addr":"[::1]:62845"}
{"level":"error","time":"2024-12-14 10:21:59.545","caller":"runtime/asm_arm64.s:1223","msg":"decode error","conn_id":"1","remote_addr":"[::1]:62845","error":"EOF","stacktrace":"runtime.goexit\n\t/Users/caomaoboy/sdk/go1.23.4/src/runtime/asm_arm64.s:1223"}
{"level":"info","time":"2024-12-14 10:21:59.545","caller":"runtime/asm_arm64.s:1223","msg":"connection closed","conn_id":"1","lifetime":0.000198042}
{"level":"info","time":"2024-12-14 10:22:18.657","caller":"network/tcp_net.go:154","msg":"creating new connection","remote_addr":"[::1]:62869","local_addr":"[::1]:8080"}
{"level":"info","time":"2024-12-14 10:22:18.658","caller":"runtime/asm_arm64.s:1223","msg":"new connection accepted","conn_id":"1","remote_addr":"[::1]:62869"}
{"level":"error","time":"2024-12-14 10:22:18.658","caller":"runtime/asm_arm64.s:1223","msg":"decode error","conn_id":"1","remote_addr":"[::1]:62869","error":"EOF","stacktrace":"runtime.goexit\n\t/Users/caomaoboy/sdk/go1.23.4/src/runtime/asm_arm64.s:1223"}
{"level":"info","time":"2024-12-14 10:22:18.658","caller":"runtime/asm_arm64.s:1223","msg":"connection closed","conn_id":"1","lifetime":0.000160541}
{"level":"info","time":"2024-12-14 10:22:25.359","caller":"network/tcp_net.go:154","msg":"creating new connection","remote_addr":"[::1]:62892","local_addr":"[::1]:8080"}
{"level":"info","time":"2024-12-14 10:22:25.359","caller":"runtime/asm_arm64.s:1223","msg":"new connection accepted","conn_id":"1","remote_addr":"[::1]:62892"}
{"level":"error","time":"2024-12-14 10:22:25.359","caller":"runtime/asm_arm64.s:1223","msg":"decode error","conn_id":"1","remote_addr":"[::1]:62892","error":"EOF","stacktrace":"runtime.goexit\n\t/Users/caomaoboy/sdk/go1.23.4/src/runtime/asm_arm64.s:1223"}
{"level":"info","time":"2024-12-14 10:22:25.359","caller":"runtime/asm_arm64.s:1223","msg":"connection closed","conn_id":"1","lifetime":0.000078875}
{"level":"info","time":"2024-12-14 10:28:09.503","caller":"mineNet/main.go:36","msg":"server started","addr":":8080"}
{"level":"debug","time":"2024-12-14 10:28:09.504","caller":"mineNet/main.go:41","msg":"handler set","cmd_id":2}
{"level":"info","time":"2024-12-14 10:28:14.917","caller":"network/tcp_net.go:154","msg":"creating new connection","remote_addr":"[::1]:63247","local_addr":"[::1]:8080"}
{"level":"info","time":"2024-12-14 10:28:14.917","caller":"runtime/asm_arm64.s:1223","msg":"new connection accepted","conn_id":"1","remote_addr":"[::1]:63247"}
{"level":"info","time":"2024-12-14 10:28:14.917","caller":"runtime/asm_arm64.s:1223","msg":"connection closed by peer","conn_id":"1","remote_addr":"[::1]:63247"}
{"level":"info","time":"2024-12-14 10:28:14.917","caller":"runtime/asm_arm64.s:1223","msg":"connection closed","conn_id":"1","lifetime":0.000186583}
{"level":"info","time":"2024-12-14 10:30:37.763","caller":"mineNet/main.go:36","msg":"server started","addr":":8080"}
{"level":"debug","time":"2024-12-14 10:30:37.763","caller":"mineNet/main.go:41","msg":"handler set","cmd_id":2}
{"level":"info","time":"2024-12-14 10:30:42.429","caller":"network/tcp_net.go:154","msg":"creating new connection","remote_addr":"[::1]:63381","local_addr":"[::1]:8080"}
{"level":"info","time":"2024-12-14 10:30:42.429","caller":"runtime/asm_arm64.s:1223","msg":"new connection accepted","conn_id":"1734143442429063000-cbbdc0fb87d7dc83","remote_addr":"[::1]:63381"}
{"level":"info","time":"2024-12-14 10:30:42.429","caller":"runtime/asm_arm64.s:1223","msg":"connection closed by peer","conn_id":"1734143442429063000-cbbdc0fb87d7dc83","remote_addr":"[::1]:63381"}
{"level":"info","time":"2024-12-14 10:30:42.429","caller":"runtime/asm_arm64.s:1223","msg":"connection closed","conn_id":"1734143442429063000-cbbdc0fb87d7dc83","lifetime":0.000207417}
{"level":"info","time":"2024-12-14 10:55:11.108","caller":"network/tcp_net.go:154","msg":"creating new connection","remote_addr":"[::1]:64382","local_addr":"[::1]:8080"}
{"level":"info","time":"2024-12-14 10:55:11.108","caller":"runtime/asm_arm64.s:1223","msg":"new connection accepted","conn_id":"1734144911107982000-a2ca0e64d8734fa7","remote_addr":"[::1]:64382"}
{"level":"info","time":"2024-12-14 10:55:11.108","caller":"runtime/asm_arm64.s:1223","msg":"connection closed by peer","conn_id":"1734144911107982000-a2ca0e64d8734fa7","remote_addr":"[::1]:64382"}
{"level":"info","time":"2024-12-14 10:55:11.108","caller":"runtime/asm_arm64.s:1223","msg":"connection closed","conn_id":"1734144911107982000-a2ca0e64d8734fa7","lifetime":0.000201042}
{"level":"info","time":"2024-12-14 16:19:46.707","caller":"mineNet/main.go:37","msg":"server started","addr":":8080"}
{"level":"debug","time":"2024-12-14 16:19:46.707","caller":"mineNet/main.go:42","msg":"handler set","cmd_id":2}
{"level":"info","time":"2024-12-14 16:34:36.124","caller":"mineNet/main.go:39","msg":"server started","addr":":8080"}
{"level":"info","time":"2024-12-14 16:36:46.969","caller":"mineNet/main.go:40","msg":"server started","addr":":8080"}
{"level":"info","time":"2024-12-14 16:37:06.291","caller":"mineNet/main.go:40","msg":"server started","addr":":8080"}
{"level":"info","time":"2024-12-14 16:38:00.203","caller":"mineNet/main.go:40","msg":"server started","addr":":8080"}
{"level":"debug","time":"2024-12-14 16:38:00.204","caller":"mineNet/main.go:56","msg":"handler set","cmd_id":2}
{"level":"info","time":"2024-12-14 16:38:25.971","caller":"network/tcp_net.go:154","msg":"creating new connection","remote_addr":"[::1]:57302","local_addr":"[::1]:8080"}
{"level":"info","time":"2024-12-14 16:38:25.972","caller":"runtime/asm_arm64.s:1223","msg":"new connection accepted","conn_id":"1734165505971624000-ccfa2b01f29519f7","remote_addr":"[::1]:57302"}
{"level":"error","time":"2024-12-14 16:38:25.972","caller":"runtime/asm_arm64.s:1223","msg":"handler not found for packet","conn_id":"1734165505971624000-ccfa2b01f29519f7","remote_addr":"[::1]:57302","cmd_id":3,"stacktrace":"runtime.goexit\n\t/Users/caomaoboy/sdk/go1.23.4/src/runtime/asm_arm64.s:1223"}
{"level":"info","time":"2024-12-14 16:38:25.972","caller":"runtime/asm_arm64.s:1223","msg":"connection closed by peer","conn_id":"1734165505971624000-ccfa2b01f29519f7","remote_addr":"[::1]:57302"}
{"level":"info","time":"2024-12-14 16:38:25.972","caller":"runtime/asm_arm64.s:1223","msg":"connection closed","conn_id":"1734165505971624000-ccfa2b01f29519f7","lifetime":0.000323916}
{"level":"info","time":"2024-12-14 16:38:42.118","caller":"network/tcp_net.go:154","msg":"creating new connection","remote_addr":"[::1]:57320","local_addr":"[::1]:8080"}
{"level":"info","time":"2024-12-14 16:38:42.118","caller":"runtime/asm_arm64.s:1223","msg":"new connection accepted","conn_id":"1734165522118595000-35f879e2dc799cf8","remote_addr":"[::1]:57320"}
{"level":"error","time":"2024-12-14 16:38:42.118","caller":"runtime/asm_arm64.s:1223","msg":"handler not found for packet","conn_id":"1734165522118595000-35f879e2dc799cf8","remote_addr":"[::1]:57320","cmd_id":3,"stacktrace":"runtime.goexit\n\t/Users/caomaoboy/sdk/go1.23.4/src/runtime/asm_arm64.s:1223"}
{"level":"info","time":"2024-12-14 16:38:42.118","caller":"runtime/asm_arm64.s:1223","msg":"connection closed by peer","conn_id":"1734165522118595000-35f879e2dc799cf8","remote_addr":"[::1]:57320"}
{"level":"info","time":"2024-12-14 16:38:42.118","caller":"runtime/asm_arm64.s:1223","msg":"connection closed","conn_id":"1734165522118595000-35f879e2dc799cf8","lifetime":0.0000835}
{"level":"info","time":"2024-12-14 16:38:50.660","caller":"network/tcp_net.go:154","msg":"creating new connection","remote_addr":"[::1]:57328","local_addr":"[::1]:8080"}
{"level":"info","time":"2024-12-14 16:38:50.661","caller":"runtime/asm_arm64.s:1223","msg":"new connection accepted","conn_id":"1734165530660767000-9f18c2b5162f709e","remote_addr":"[::1]:57328"}
{"level":"error","time":"2024-12-14 16:46:25.440","caller":"runtime/asm_arm64.s:1223","msg":"handler not found for packet","conn_id":"1734165530660767000-9f18c2b5162f709e","remote_addr":"[::1]:57328","cmd_id":3,"stacktrace":"runtime.goexit\n\t/Users/caomaoboy/sdk/go1.23.4/src/runtime/asm_arm64.s:1223"}
{"level":"info","time":"2024-12-14 16:46:28.306","caller":"mineNet/main.go:40","msg":"server started","addr":":8080"}
{"level":"debug","time":"2024-12-14 16:46:28.306","caller":"mineNet/main.go:57","msg":"handler set","cmd_id":3}
{"level":"info","time":"2024-12-14 16:46:36.993","caller":"network/tcp_net.go:154","msg":"creating new connection","remote_addr":"[::1]:57576","local_addr":"[::1]:8080"}
{"level":"info","time":"2024-12-14 16:46:36.994","caller":"runtime/asm_arm64.s:1223","msg":"new connection accepted","conn_id":"1734165996993760000-53d0b763eba18eee","remote_addr":"[::1]:57576"}
{"level":"info","time":"2024-12-14 16:46:41.505","caller":"runtime/asm_arm64.s:1223","msg":"connection closed by peer","conn_id":"1734165996993760000-53d0b763eba18eee","remote_addr":"[::1]:57576"}
{"level":"info","time":"2024-12-14 16:46:45.987","caller":"runtime/asm_arm64.s:1223","msg":"connection closed","conn_id":"1734165996993760000-53d0b763eba18eee","lifetime":8.993324167}
{"level":"error","time":"2024-12-14 16:46:51.845","caller":"runtime/asm_arm64.s:1223","msg":"handle packet error","conn_id":"1734165996993760000-53d0b763eba18eee","remote_addr":"[::1]:57576","cmd_id":3,"error":"failed to send response: failed to send packet: connection is closed","stacktrace":"runtime.goexit\n\t/Users/caomaoboy/sdk/go1.23.4/src/runtime/asm_arm64.s:1223"}
{"level":"info","time":"2024-12-14 16:47:17.670","caller":"mineNet/main.go:40","msg":"server started","addr":":8080"}
{"level":"debug","time":"2024-12-14 16:47:17.671","caller":"mineNet/main.go:57","msg":"handler set","cmd_id":3}
{"level":"info","time":"2024-12-14 16:47:21.489","caller":"network/tcp_net.go:154","msg":"creating new connection","remote_addr":"[::1]:57618","local_addr":"[::1]:8080"}
{"level":"info","time":"2024-12-14 16:47:21.489","caller":"runtime/asm_arm64.s:1223","msg":"new connection accepted","conn_id":"1734166041489448000-d8552e376c4b5407","remote_addr":"[::1]:57618"}
{"level":"info","time":"2024-12-14 16:47:21.489","caller":"runtime/asm_arm64.s:1223","msg":"connection closed by peer","conn_id":"1734166041489448000-d8552e376c4b5407","remote_addr":"[::1]:57618"}
{"level":"info","time":"2024-12-14 16:47:24.359","caller":"runtime/asm_arm64.s:1223","msg":"connection closed","conn_id":"1734166041489448000-d8552e376c4b5407","lifetime":2.869973917}
{"level":"error","time":"2024-12-14 16:47:24.360","caller":"runtime/asm_arm64.s:1223","msg":"handle packet error","conn_id":"1734166041489448000-d8552e376c4b5407","remote_addr":"[::1]:57618","cmd_id":3,"error":"failed to send response: failed to send packet: connection is closed","stacktrace":"runtime.goexit\n\t/Users/caomaoboy/sdk/go1.23.4/src/runtime/asm_arm64.s:1223"}
{"level":"info","time":"2024-12-14 16:53:26.167","caller":"mineNet/main.go:40","msg":"server started","addr":":8080"}
{"level":"debug","time":"2024-12-14 16:53:26.167","caller":"mineNet/main.go:57","msg":"handler set","cmd_id":3}
{"level":"info","time":"2024-12-14 16:53:27.820","caller":"network/tcp_net.go:154","msg":"creating new connection","remote_addr":"[::1]:57789","local_addr":"[::1]:8080"}
{"level":"info","time":"2024-12-14 16:53:27.820","caller":"runtime/asm_arm64.s:1223","msg":"new connection accepted","conn_id":"1734166407820639000-29bbda35008466dc","remote_addr":"[::1]:57789"}
{"level":"info","time":"2024-12-14 16:53:27.821","caller":"runtime/asm_arm64.s:1223","msg":"connection closed by peer","conn_id":"1734166407820639000-29bbda35008466dc","remote_addr":"[::1]:57789"}
{"level":"info","time":"2024-12-14 16:53:27.821","caller":"runtime/asm_arm64.s:1223","msg":"connection closed","conn_id":"1734166407820639000-29bbda35008466dc","lifetime":0.000277084}
{"level":"error","time":"2024-12-14 16:53:31.059","caller":"runtime/asm_arm64.s:1223","msg":"handle packet error","conn_id":"1734166407820639000-29bbda35008466dc","remote_addr":"[::1]:57789","cmd_id":3,"error":"failed to send response: failed to send packet: connection is closed","stacktrace":"runtime.goexit\n\t/Users/caomaoboy/sdk/go1.23.4/src/runtime/asm_arm64.s:1223"}
{"level":"info","time":"2024-12-14 16:53:58.351","caller":"network/tcp_net.go:154","msg":"creating new connection","remote_addr":"[::1]:57833","local_addr":"[::1]:8080"}
{"level":"info","time":"2024-12-14 16:53:58.351","caller":"runtime/asm_arm64.s:1223","msg":"new connection accepted","conn_id":"1734166438351529000-6abdf01a368acd16","remote_addr":"[::1]:57833"}
{"level":"info","time":"2024-12-14 16:53:58.351","caller":"runtime/asm_arm64.s:1223","msg":"connection closed by peer","conn_id":"1734166438351529000-6abdf01a368acd16","remote_addr":"[::1]:57833"}
{"level":"info","time":"2024-12-14 16:53:58.351","caller":"runtime/asm_arm64.s:1223","msg":"connection closed","conn_id":"1734166438351529000-6abdf01a368acd16","lifetime":0.0001505}
{"level":"error","time":"2024-12-14 16:53:58.351","caller":"runtime/asm_arm64.s:1223","msg":"handle packet error","conn_id":"1734166438351529000-6abdf01a368acd16","remote_addr":"[::1]:57833","cmd_id":3,"error":"failed to send response: failed to send packet: connection is closed","stacktrace":"runtime.goexit\n\t/Users/caomaoboy/sdk/go1.23.4/src/runtime/asm_arm64.s:1223"}
{"level":"info","time":"2024-12-14 16:54:15.641","caller":"network/tcp_net.go:154","msg":"creating new connection","remote_addr":"[::1]:57860","local_addr":"[::1]:8080"}
{"level":"info","time":"2024-12-14 16:54:15.641","caller":"runtime/asm_arm64.s:1223","msg":"new connection accepted","conn_id":"1734166455641006000-9095ca1a3a05a892","remote_addr":"[::1]:57860"}
{"level":"info","time":"2024-12-14 16:54:15.641","caller":"runtime/asm_arm64.s:1223","msg":"connection closed by peer","conn_id":"1734166455641006000-9095ca1a3a05a892","remote_addr":"[::1]:57860"}
{"level":"error","time":"2024-12-14 16:54:15.641","caller":"runtime/asm_arm64.s:1223","msg":"handle packet error","conn_id":"1734166455641006000-9095ca1a3a05a892","remote_addr":"[::1]:57860","cmd_id":3,"error":"failed to send response: failed to send packet: connection is closed","stacktrace":"runtime.goexit\n\t/Users/caomaoboy/sdk/go1.23.4/src/runtime/asm_arm64.s:1223"}
{"level":"info","time":"2024-12-14 16:54:15.641","caller":"runtime/asm_arm64.s:1223","msg":"connection closed","conn_id":"1734166455641006000-9095ca1a3a05a892","lifetime":0.000113875}
{"level":"info","time":"2024-12-14 16:54:27.549","caller":"mineNet/main.go:40","msg":"server started","addr":":8080"}
{"level":"debug","time":"2024-12-14 16:54:27.550","caller":"mineNet/main.go:57","msg":"handler set","cmd_id":3}
{"level":"info","time":"2024-12-14 16:54:29.073","caller":"network/tcp_net.go:154","msg":"creating new connection","remote_addr":"[::1]:57876","local_addr":"[::1]:8080"}
{"level":"info","time":"2024-12-14 16:54:29.073","caller":"runtime/asm_arm64.s:1223","msg":"new connection accepted","conn_id":"1734166469073227000-3eb05755b2bb8285","remote_addr":"[::1]:57876"}
{"level":"info","time":"2024-12-14 16:54:29.073","caller":"runtime/asm_arm64.s:1223","msg":"connection closed by peer","conn_id":"1734166469073227000-3eb05755b2bb8285","remote_addr":"[::1]:57876"}
{"level":"info","time":"2024-12-14 16:54:29.073","caller":"runtime/asm_arm64.s:1223","msg":"connection closed","conn_id":"1734166469073227000-3eb05755b2bb8285","lifetime":0.000198792}
{"level":"error","time":"2024-12-14 16:54:29.074","caller":"runtime/asm_arm64.s:1223","msg":"handle packet error","conn_id":"1734166469073227000-3eb05755b2bb8285","remote_addr":"[::1]:57876","cmd_id":3,"error":"failed to send response: failed to send packet: connection is closed","stacktrace":"runtime.goexit\n\t/Users/caomaoboy/sdk/go1.23.4/src/runtime/asm_arm64.s:1223"}
{"level":"info","time":"2024-12-17 14:43:54.187","caller":"mineNet/main.go:42","msg":"server started","addr":":8080"}
{"level":"info","time":"2024-12-17 15:39:51.512","caller":"mineNet/main.go:42","msg":"server started","addr":":8080"}
{"level":"debug","time":"2024-12-17 15:39:51.512","caller":"mineNet/main.go:59","msg":"handler set","cmd_id":3}
{"level":"info","time":"2024-12-17 15:49:35.990","caller":"mineNet/main.go:42","msg":"server started","addr":":8080"}
{"level":"debug","time":"2024-12-17 15:49:35.993","caller":"mineNet/main.go:59","msg":"handler set","cmd_id":3}
{"level":"debug","time":"2024-12-17 18:04:41.958","caller":"mineNet/handler.go:25","msg":"handler set","cmd_id":3}
{"level":"info","time":"2024-12-17 18:04:41.959","caller":"common/manager.go:52","msg":"server started","addr":":8080"}
{"level":"debug","time":"2024-12-17 18:05:52.593","caller":"mineNet/handler.go:25","msg":"handler set","cmd_id":3}
{"level":"info","time":"2024-12-17 18:05:58.547","caller":"common/manager.go:52","msg":"server started","addr":":8080"}
{"level":"debug","time":"2024-12-17 18:07:44.212","caller":"mineNet/handler.go:25","msg":"handler set","cmd_id":3}
{"level":"info","time":"2024-12-17 18:07:44.212","caller":"common/manager.go:52","msg":"server started","addr":":8080"}
